<?xml version="1.0" encoding="UTF-8"?>
<testsuite name="com.example.demo.controller.MatriculaControllerTest" tests="4" skipped="0" failures="0" errors="0" timestamp="2025-09-26T00:56:24.874Z" hostname="DESKTOP-RPELI8E" time="0.101">
  <properties/>
  <testcase name="testAlocarAluno()" classname="com.example.demo.controller.MatriculaControllerTest" time="0.05"/>
  <testcase name="testListarAprovados()" classname="com.example.demo.controller.MatriculaControllerTest" time="0.016"/>
  <testcase name="testAtribuirNota()" classname="com.example.demo.controller.MatriculaControllerTest" time="0.019"/>
  <testcase name="testListarReprovados()" classname="com.example.demo.controller.MatriculaControllerTest" time="0.01"/>
  <system-out><![CDATA[2025-09-25T21:56:24.241-03:00  INFO 14476 --- [    Test worker] t.c.s.AnnotationConfigContextLoaderUtils : Could not detect default configuration classes for test class [com.example.demo.controller.MatriculaControllerTest]: MatriculaControllerTest does not declare any static, non-private, non-final, nested classes annotated with @Configuration.
2025-09-25T21:56:24.264-03:00  INFO 14476 --- [    Test worker] .b.t.c.SpringBootTestContextBootstrapper : Found @SpringBootConfiguration com.example.demo.DemoApplication for test class com.example.demo.controller.MatriculaControllerTest

  .   ____          _            __ _ _
 /\\ / ___'_ __ _ _(_)_ __  __ _ \ \ \ \
( ( )\___ | '_ | '_| | '_ \/ _` | \ \ \ \
 \\/  ___)| |_)| | | | | || (_| |  ) ) ) )
  '  |____| .__|_| |_|_| |_\__, | / / / /
 =========|_|==============|___/=/_/_/_/

 :: Spring Boot ::                (v3.5.6)

2025-09-25T21:56:24.323-03:00  INFO 14476 --- [    Test worker] c.e.d.c.MatriculaControllerTest          : Starting MatriculaControllerTest using Java 17.0.12 with PID 14476 (started by migue in C:\Users\migue\Desenvolvimento-de-Servicos-com-Spring-Boot-AT\Desenvolvimento-de-Servicos-com-Spring-Boot-AT)
2025-09-25T21:56:24.324-03:00  INFO 14476 --- [    Test worker] c.e.d.c.MatriculaControllerTest          : No active profile set, falling back to 1 default profile: "default"
2025-09-25T21:56:24.781-03:00  WARN 14476 --- [    Test worker] .s.s.UserDetailsServiceAutoConfiguration : 

Using generated security password: d7a36316-8478-4365-afd8-838fe83e1891

This generated password is for development use only. Your security configuration must be updated before running your application in production.

2025-09-25T21:56:24.782-03:00  INFO 14476 --- [    Test worker] r$InitializeUserDetailsManagerConfigurer : Global AuthenticationManager configured with UserDetailsService bean with name inMemoryUserDetailsManager
2025-09-25T21:56:24.844-03:00  INFO 14476 --- [    Test worker] o.s.b.t.m.w.SpringBootMockServletContext : Initializing Spring TestDispatcherServlet ''
2025-09-25T21:56:24.845-03:00  INFO 14476 --- [    Test worker] o.s.t.web.servlet.TestDispatcherServlet  : Initializing Servlet ''
2025-09-25T21:56:24.846-03:00  INFO 14476 --- [    Test worker] o.s.t.web.servlet.TestDispatcherServlet  : Completed initialization in 1 ms
2025-09-25T21:56:24.868-03:00  INFO 14476 --- [    Test worker] c.e.d.c.MatriculaControllerTest          : Started MatriculaControllerTest in 0.599 seconds (process running for 16.836)

MockHttpServletRequest:
      HTTP Method = POST
      Request URI = /matriculas/alocar
       Parameters = {alunoId=[1], disciplinaId=[1]}
          Headers = []
             Body = null
    Session Attrs = {SPRING_SECURITY_CONTEXT=SecurityContextImpl [Authentication=UsernamePasswordAuthenticationToken [Principal=org.springframework.security.core.userdetails.User [Username=professor, Password=[PROTECTED], Enabled=true, AccountNonExpired=true, CredentialsNonExpired=true, AccountNonLocked=true, Granted Authorities=[ROLE_USER]], Credentials=[PROTECTED], Authenticated=true, Details=null, Granted Authorities=[ROLE_USER]]]}

Handler:
             Type = com.example.demo.controller.MatriculaController
           Method = com.example.demo.controller.MatriculaController#alocarAluno(String, String)

Async:
    Async started = false
     Async result = null

Resolved Exception:
             Type = null

ModelAndView:
        View name = null
             View = null
            Model = null

FlashMap:
       Attributes = null

MockHttpServletResponse:
           Status = 200
    Error message = null
          Headers = [Content-Type:"application/json", X-Content-Type-Options:"nosniff", X-XSS-Protection:"0", Cache-Control:"no-cache, no-store, max-age=0, must-revalidate", Pragma:"no-cache", Expires:"0", X-Frame-Options:"DENY"]
     Content type = application/json
             Body = {"id":"1","alunoId":null,"disciplinaId":null,"nota":null}
    Forwarded URL = null
   Redirected URL = null
          Cookies = []

MockHttpServletRequest:
      HTTP Method = PUT
      Request URI = /matriculas/1/nota
       Parameters = {nota=[8.5]}
          Headers = []
             Body = null
    Session Attrs = {SPRING_SECURITY_CONTEXT=SecurityContextImpl [Authentication=UsernamePasswordAuthenticationToken [Principal=org.springframework.security.core.userdetails.User [Username=professor, Password=[PROTECTED], Enabled=true, AccountNonExpired=true, CredentialsNonExpired=true, AccountNonLocked=true, Granted Authorities=[ROLE_USER]], Credentials=[PROTECTED], Authenticated=true, Details=null, Granted Authorities=[ROLE_USER]]]}

Handler:
             Type = com.example.demo.controller.MatriculaController
           Method = com.example.demo.controller.MatriculaController#atribuirNota(String, Double)

Async:
    Async started = false
     Async result = null

Resolved Exception:
             Type = null

ModelAndView:
        View name = null
             View = null
            Model = null

FlashMap:
       Attributes = null

MockHttpServletResponse:
           Status = 200
    Error message = null
          Headers = [Content-Type:"application/json", X-Content-Type-Options:"nosniff", X-XSS-Protection:"0", Cache-Control:"no-cache, no-store, max-age=0, must-revalidate", Pragma:"no-cache", Expires:"0", X-Frame-Options:"DENY"]
     Content type = application/json
             Body = {"id":"1","alunoId":null,"disciplinaId":null,"nota":8.5}
    Forwarded URL = null
   Redirected URL = null
          Cookies = []
]]></system-out>
  <system-err><![CDATA[]]></system-err>
</testsuite>
