<?xml version="1.0" encoding="UTF-8"?>
<testsuite name="com.example.demo.controller.AlunoControllerTest" tests="2" skipped="0" failures="0" errors="0" timestamp="2025-09-26T00:56:19.150Z" hostname="DESKTOP-RPELI8E" time="1.043">
  <properties/>
  <testcase name="testCriarAluno()" classname="com.example.demo.controller.AlunoControllerTest" time="1.007"/>
  <testcase name="testListarAlunos()" classname="com.example.demo.controller.AlunoControllerTest" time="0.032"/>
  <system-out><![CDATA[21:56:10.979 [Test worker] INFO org.springframework.test.context.support.AnnotationConfigContextLoaderUtils -- Could not detect default configuration classes for test class [com.example.demo.controller.AlunoControllerTest]: AlunoControllerTest does not declare any static, non-private, non-final, nested classes annotated with @Configuration.
21:56:11.530 [Test worker] INFO org.springframework.boot.test.context.SpringBootTestContextBootstrapper -- Found @SpringBootConfiguration com.example.demo.DemoApplication for test class com.example.demo.controller.AlunoControllerTest

  .   ____          _            __ _ _
 /\\ / ___'_ __ _ _(_)_ __  __ _ \ \ \ \
( ( )\___ | '_ | '_| | '_ \/ _` | \ \ \ \
 \\/  ___)| |_)| | | | | || (_| |  ) ) ) )
  '  |____| .__|_| |_|_| |_\__, | / / / /
 =========|_|==============|___/=/_/_/_/

 :: Spring Boot ::                (v3.5.6)

2025-09-25T21:56:13.044-03:00  INFO 14476 --- [    Test worker] c.e.demo.controller.AlunoControllerTest  : Starting AlunoControllerTest using Java 17.0.12 with PID 14476 (started by migue in C:\Users\migue\Desenvolvimento-de-Servicos-com-Spring-Boot-AT\Desenvolvimento-de-Servicos-com-Spring-Boot-AT)
2025-09-25T21:56:13.047-03:00  INFO 14476 --- [    Test worker] c.e.demo.controller.AlunoControllerTest  : No active profile set, falling back to 1 default profile: "default"
2025-09-25T21:56:18.036-03:00  WARN 14476 --- [    Test worker] .s.s.UserDetailsServiceAutoConfiguration : 

Using generated security password: cda0fb26-ead3-4c53-8e22-7a1454586906

This generated password is for development use only. Your security configuration must be updated before running your application in production.

2025-09-25T21:56:18.068-03:00  INFO 14476 --- [    Test worker] r$InitializeUserDetailsManagerConfigurer : Global AuthenticationManager configured with UserDetailsService bean with name inMemoryUserDetailsManager
2025-09-25T21:56:19.032-03:00  INFO 14476 --- [    Test worker] o.s.b.t.m.w.SpringBootMockServletContext : Initializing Spring TestDispatcherServlet ''
2025-09-25T21:56:19.033-03:00  INFO 14476 --- [    Test worker] o.s.t.web.servlet.TestDispatcherServlet  : Initializing Servlet ''
2025-09-25T21:56:19.036-03:00  INFO 14476 --- [    Test worker] o.s.t.web.servlet.TestDispatcherServlet  : Completed initialization in 3 ms
2025-09-25T21:56:19.126-03:00  INFO 14476 --- [    Test worker] c.e.demo.controller.AlunoControllerTest  : Started AlunoControllerTest in 7.303 seconds (process running for 11.094)
]]></system-out>
  <system-err><![CDATA[]]></system-err>
</testsuite>
