<?xml version="1.0" encoding="UTF-8"?>
<testsuite name="com.example.demo.service.MatriculaServiceTest" tests="4" skipped="0" failures="0" errors="0" timestamp="2025-09-26T00:56:25.599Z" hostname="DESKTOP-RPELI8E" time="0.142">
  <properties/>
  <testcase name="testAlocarAluno()" classname="com.example.demo.service.MatriculaServiceTest" time="0.121"/>
  <testcase name="testListarAprovados()" classname="com.example.demo.service.MatriculaServiceTest" time="0.006"/>
  <testcase name="testAtribuirNota()" classname="com.example.demo.service.MatriculaServiceTest" time="0.006"/>
  <testcase name="testListarReprovados()" classname="com.example.demo.service.MatriculaServiceTest" time="0.007"/>
  <system-out><![CDATA[]]></system-out>
  <system-err><![CDATA[]]></system-err>
</testsuite>
