<?xml version="1.0" encoding="UTF-8"?>
<testsuite name="com.example.demo.service.DisciplinaServiceTest" tests="2" skipped="0" failures="0" errors="0" timestamp="2025-09-26T00:56:25.486Z" hostname="DESKTOP-RPELI8E" time="0.109">
  <properties/>
  <testcase name="testListarDisciplinas()" classname="com.example.demo.service.DisciplinaServiceTest" time="0.104"/>
  <testcase name="testCriarDisciplina()" classname="com.example.demo.service.DisciplinaServiceTest" time="0.004"/>
  <system-out><![CDATA[]]></system-out>
  <system-err><![CDATA[]]></system-err>
</testsuite>
