<?xml version="1.0" encoding="UTF-8"?>
<testsuite name="com.example.demo.controller.DisciplinaControllerTest" tests="2" skipped="0" failures="0" errors="0" timestamp="2025-09-26T00:56:21.101Z" hostname="DESKTOP-RPELI8E" time="0.053">
  <properties/>
  <testcase name="testListarDisciplinas()" classname="com.example.demo.controller.DisciplinaControllerTest" time="0.029"/>
  <testcase name="testCriarDisciplina()" classname="com.example.demo.controller.DisciplinaControllerTest" time="0.022"/>
  <system-out><![CDATA[2025-09-25T21:56:20.212-03:00  INFO 14476 --- [    Test worker] t.c.s.AnnotationConfigContextLoaderUtils : Could not detect default configuration classes for test class [com.example.demo.controller.DisciplinaControllerTest]: DisciplinaControllerTest does not declare any static, non-private, non-final, nested classes annotated with @Configuration.
2025-09-25T21:56:20.247-03:00  INFO 14476 --- [    Test worker] .b.t.c.SpringBootTestContextBootstrapper : Found @SpringBootConfiguration com.example.demo.DemoApplication for test class com.example.demo.controller.DisciplinaControllerTest

  .   ____          _            __ _ _
 /\\ / ___'_ __ _ _(_)_ __  __ _ \ \ \ \
( ( )\___ | '_ | '_| | '_ \/ _` | \ \ \ \
 \\/  ___)| |_)| | | | | || (_| |  ) ) ) )
  '  |____| .__|_| |_|_| |_\__, | / / / /
 =========|_|==============|___/=/_/_/_/

 :: Spring Boot ::                (v3.5.6)

2025-09-25T21:56:20.338-03:00  INFO 14476 --- [    Test worker] c.e.d.c.DisciplinaControllerTest         : Starting DisciplinaControllerTest using Java 17.0.12 with PID 14476 (started by migue in C:\Users\migue\Desenvolvimento-de-Servicos-com-Spring-Boot-AT\Desenvolvimento-de-Servicos-com-Spring-Boot-AT)
2025-09-25T21:56:20.339-03:00  INFO 14476 --- [    Test worker] c.e.d.c.DisciplinaControllerTest         : No active profile set, falling back to 1 default profile: "default"
2025-09-25T21:56:21.006-03:00  WARN 14476 --- [    Test worker] .s.s.UserDetailsServiceAutoConfiguration : 

Using generated security password: 311ec861-bdf7-4665-896d-78ccba270c7d

This generated password is for development use only. Your security configuration must be updated before running your application in production.

2025-09-25T21:56:21.008-03:00  INFO 14476 --- [    Test worker] r$InitializeUserDetailsManagerConfigurer : Global AuthenticationManager configured with UserDetailsService bean with name inMemoryUserDetailsManager
2025-09-25T21:56:21.080-03:00  INFO 14476 --- [    Test worker] o.s.b.t.m.w.SpringBootMockServletContext : Initializing Spring TestDispatcherServlet ''
2025-09-25T21:56:21.081-03:00  INFO 14476 --- [    Test worker] o.s.t.web.servlet.TestDispatcherServlet  : Initializing Servlet ''
2025-09-25T21:56:21.082-03:00  INFO 14476 --- [    Test worker] o.s.t.web.servlet.TestDispatcherServlet  : Completed initialization in 1 ms
2025-09-25T21:56:21.095-03:00  INFO 14476 --- [    Test worker] c.e.d.c.DisciplinaControllerTest         : Started DisciplinaControllerTest in 0.841 seconds (process running for 13.063)
]]></system-out>
  <system-err><![CDATA[]]></system-err>
</testsuite>
